{"/Users/tom/Desktop/fullstack-test - oct25/backend/src/lib/results/assessment-result-helpers.ts": {"path":"/Users/tom/Desktop/fullstack-test - oct25/backend/src/lib/results/assessment-result-helpers.ts","statementMap":{"0":{"start":{"line":8,"column":0},"end":{"line":8,"column":16}},"1":{"start":{"line":23,"column":0},"end":{"line":23,"column":16}},"2":{"start":{"line":3,"column":0},"end":{"line":3,"column":66}},"3":{"start":{"line":5,"column":0},"end":{"line":5,"column":53}},"4":{"start":{"line":6,"column":0},"end":{"line":6,"column":52}},"5":{"start":{"line":9,"column":14},"end":{"line":9,"column":19}},"6":{"start":{"line":10,"column":16},"end":{"line":16,"column":4}},"7":{"start":{"line":11,"column":4},"end":{"line":14,"column":5}},"8":{"start":{"line":12,"column":6},"end":{"line":12,"column":19}},"9":{"start":{"line":13,"column":6},"end":{"line":13,"column":17}},"10":{"start":{"line":15,"column":4},"end":{"line":15,"column":29}},"11":{"start":{"line":17,"column":2},"end":{"line":19,"column":3}},"12":{"start":{"line":18,"column":4},"end":{"line":18,"column":42}},"13":{"start":{"line":20,"column":2},"end":{"line":20,"column":15}},"14":{"start":{"line":32,"column":29},"end":{"line":32,"column":31}},"15":{"start":{"line":33,"column":25},"end":{"line":33,"column":42}},"16":{"start":{"line":35,"column":2},"end":{"line":73,"column":3}},"17":{"start":{"line":36,"column":29},"end":{"line":36,"column":47}},"18":{"start":{"line":37,"column":24},"end":{"line":37,"column":54}},"19":{"start":{"line":39,"column":4},"end":{"line":42,"column":5}},"20":{"start":{"line":40,"column":6},"end":{"line":40,"column":38}},"21":{"start":{"line":41,"column":6},"end":{"line":41,"column":58}},"22":{"start":{"line":44,"column":29},"end":{"line":44,"column":61}},"23":{"start":{"line":45,"column":23},"end":{"line":45,"column":59}},"24":{"start":{"line":47,"column":4},"end":{"line":72,"column":5}},"25":{"start":{"line":48,"column":22},"end":{"line":48,"column":79}},"26":{"start":{"line":48,"column":53},"end":{"line":48,"column":78}},"27":{"start":{"line":49,"column":25},"end":{"line":49,"column":76}},"28":{"start":{"line":49,"column":52},"end":{"line":49,"column":74}},"29":{"start":{"line":50,"column":25},"end":{"line":52,"column":52}},"30":{"start":{"line":51,"column":23},"end":{"line":51,"column":48}},"31":{"start":{"line":52,"column":28},"end":{"line":52,"column":50}},"32":{"start":{"line":53,"column":25},"end":{"line":55,"column":47}},"33":{"start":{"line":54,"column":20},"end":{"line":54,"column":30}},"34":{"start":{"line":56,"column":32},"end":{"line":56,"column":70}},"35":{"start":{"line":58,"column":6},"end":{"line":71,"column":9}},"36":{"start":{"line":75,"column":2},"end":{"line":75,"column":14}}},"fnMap":{"0":{"name":"getCodesFromElrs","decl":{"start":{"line":8,"column":16},"end":{"line":8,"column":32}},"loc":{"start":{"line":8,"column":54},"end":{"line":21,"column":1}}},"1":{"name":"(anonymous_1)","decl":{"start":{"line":10,"column":25},"end":{"line":10,"column":26}},"loc":{"start":{"line":10,"column":37},"end":{"line":16,"column":3}}},"2":{"name":"buildResults","decl":{"start":{"line":23,"column":16},"end":{"line":23,"column":28}},"loc":{"start":{"line":31,"column":1},"end":{"line":76,"column":1}}},"3":{"name":"(anonymous_3)","decl":{"start":{"line":48,"column":46},"end":{"line":48,"column":47}},"loc":{"start":{"line":48,"column":53},"end":{"line":48,"column":78}}},"4":{"name":"(anonymous_4)","decl":{"start":{"line":49,"column":40},"end":{"line":49,"column":41}},"loc":{"start":{"line":49,"column":51},"end":{"line":49,"column":74}}},"5":{"name":"(anonymous_5)","decl":{"start":{"line":51,"column":16},"end":{"line":51,"column":17}},"loc":{"start":{"line":51,"column":23},"end":{"line":51,"column":48}}},"6":{"name":"(anonymous_6)","decl":{"start":{"line":52,"column":16},"end":{"line":52,"column":17}},"loc":{"start":{"line":52,"column":27},"end":{"line":52,"column":50}}},"7":{"name":"(anonymous_7)","decl":{"start":{"line":54,"column":13},"end":{"line":54,"column":14}},"loc":{"start":{"line":54,"column":20},"end":{"line":54,"column":30}}}},"branchMap":{"0":{"loc":{"start":{"line":11,"column":4},"end":{"line":14,"column":5}},"type":"if","locations":[{"start":{"line":11,"column":4},"end":{"line":14,"column":5}}]},"1":{"loc":{"start":{"line":17,"column":2},"end":{"line":19,"column":3}},"type":"if","locations":[{"start":{"line":17,"column":2},"end":{"line":19,"column":3}}]},"2":{"loc":{"start":{"line":37,"column":24},"end":{"line":37,"column":54}},"type":"cond-expr","locations":[{"start":{"line":37,"column":46},"end":{"line":37,"column":50}},{"start":{"line":37,"column":50},"end":{"line":37,"column":54}}]},"3":{"loc":{"start":{"line":37,"column":24},"end":{"line":37,"column":50}},"type":"binary-expr","locations":[{"start":{"line":37,"column":24},"end":{"line":37,"column":50}},{"start":{"line":37,"column":46},"end":{"line":37,"column":50}}]},"4":{"loc":{"start":{"line":39,"column":4},"end":{"line":42,"column":5}},"type":"if","locations":[{"start":{"line":39,"column":4},"end":{"line":42,"column":5}}]},"5":{"loc":{"start":{"line":44,"column":29},"end":{"line":44,"column":61}},"type":"cond-expr","locations":[{"start":{"line":44,"column":55},"end":{"line":44,"column":59}},{"start":{"line":44,"column":59},"end":{"line":44,"column":61}}]},"6":{"loc":{"start":{"line":44,"column":29},"end":{"line":44,"column":59}},"type":"binary-expr","locations":[{"start":{"line":44,"column":29},"end":{"line":44,"column":59}},{"start":{"line":44,"column":55},"end":{"line":44,"column":59}}]},"7":{"loc":{"start":{"line":49,"column":59},"end":{"line":49,"column":71}},"type":"cond-expr","locations":[{"start":{"line":49,"column":66},"end":{"line":49,"column":70}},{"start":{"line":49,"column":70},"end":{"line":49,"column":71}}]},"8":{"loc":{"start":{"line":49,"column":59},"end":{"line":49,"column":70}},"type":"binary-expr","locations":[{"start":{"line":49,"column":59},"end":{"line":49,"column":70}},{"start":{"line":49,"column":66},"end":{"line":49,"column":70}}]},"9":{"loc":{"start":{"line":52,"column":35},"end":{"line":52,"column":47}},"type":"cond-expr","locations":[{"start":{"line":52,"column":42},"end":{"line":52,"column":46}},{"start":{"line":52,"column":46},"end":{"line":52,"column":47}}]},"10":{"loc":{"start":{"line":52,"column":35},"end":{"line":52,"column":46}},"type":"binary-expr","locations":[{"start":{"line":52,"column":35},"end":{"line":52,"column":46}},{"start":{"line":52,"column":42},"end":{"line":52,"column":46}}]}},"s":{"0":1,"1":1,"2":1,"3":1,"4":1,"5":0,"6":0,"7":0,"8":0,"9":0,"10":0,"11":0,"12":0,"13":0,"14":3,"15":3,"16":3,"17":2,"18":2,"19":2,"20":2,"21":2,"22":2,"23":2,"24":2,"25":4,"26":9,"27":4,"28":3,"29":4,"30":3,"31":1,"32":4,"33":3,"34":4,"35":4,"36":3},"f":{"0":0,"1":0,"2":3,"3":9,"4":3,"5":3,"6":1,"7":3},"b":{"0":[0],"1":[0],"2":[2,0],"3":[2,2],"4":[2],"5":[2,0],"6":[2,2],"7":[3,0],"8":[3,3],"9":[1,0],"10":[1,1]}}
,"/Users/tom/Desktop/fullstack-test - oct25/backend/src/lib/results/consts.ts": {"path":"/Users/tom/Desktop/fullstack-test - oct25/backend/src/lib/results/consts.ts","statementMap":{"0":{"start":{"line":1,"column":13},"end":{"line":1,"column":40}}},"fnMap":{},"branchMap":{},"s":{"0":1},"f":{},"b":{}}
,"/Users/tom/Desktop/fullstack-test - oct25/backend/src/utils/category.ts": {"path":"/Users/tom/Desktop/fullstack-test - oct25/backend/src/utils/category.ts","statementMap":{"0":{"start":{"line":1,"column":0},"end":{"line":1,"column":null}},"1":{"start":{"line":2,"column":2},"end":{"line":2,"column":null}},"2":{"start":{"line":3,"column":2},"end":{"line":3,"column":null}},"3":{"start":{"line":4,"column":2},"end":{"line":4,"column":null}},"4":{"start":{"line":7,"column":42},"end":{"line":16,"column":1}},"5":{"start":{"line":10,"column":2},"end":{"line":10,"column":62}},"6":{"start":{"line":10,"column":31},"end":{"line":10,"column":62}},"7":{"start":{"line":11,"column":2},"end":{"line":12,"column":38}},"8":{"start":{"line":12,"column":4},"end":{"line":12,"column":38}},"9":{"start":{"line":13,"column":2},"end":{"line":14,"column":36}},"10":{"start":{"line":14,"column":4},"end":{"line":14,"column":36}},"11":{"start":{"line":15,"column":2},"end":{"line":15,"column":33}},"12":{"start":{"line":7,"column":13},"end":{"line":7,"column":42}}},"fnMap":{"0":{"name":"(anonymous_0)","decl":{"start":{"line":1,"column":0},"end":{"line":1,"column":12}},"loc":{"start":{"line":1,"column":29},"end":{"line":5,"column":1}}},"1":{"name":"(anonymous_1)","decl":{"start":{"line":7,"column":42},"end":{"line":7,"column":null}},"loc":{"start":{"line":9,"column":23},"end":{"line":16,"column":1}}}},"branchMap":{"0":{"loc":{"start":{"line":1,"column":12},"end":{"line":1,"column":null}},"type":"binary-expr","locations":[{"start":{"line":1,"column":12},"end":{"line":1,"column":29}},{"start":{"line":1,"column":29},"end":{"line":1,"column":null}}]},"1":{"loc":{"start":{"line":10,"column":2},"end":{"line":10,"column":62}},"type":"if","locations":[{"start":{"line":10,"column":2},"end":{"line":10,"column":62}}]},"2":{"loc":{"start":{"line":11,"column":2},"end":{"line":12,"column":38}},"type":"if","locations":[{"start":{"line":11,"column":2},"end":{"line":12,"column":38}}]},"3":{"loc":{"start":{"line":13,"column":2},"end":{"line":14,"column":36}},"type":"if","locations":[{"start":{"line":13,"column":2},"end":{"line":14,"column":36}}]}},"s":{"0":1,"1":1,"2":1,"3":1,"4":1,"5":4,"6":2,"7":2,"8":1,"9":1,"10":1,"11":0,"12":1},"f":{"0":1,"1":4},"b":{"0":[1,1],"1":[2],"2":[1],"3":[1]}}
,"/Users/tom/Desktop/fullstack-test - oct25/backend/src/utils/generic.ts": {"path":"/Users/tom/Desktop/fullstack-test - oct25/backend/src/utils/generic.ts","statementMap":{"0":{"start":{"line":2,"column":0},"end":{"line":2,"column":59}},"1":{"start":{"line":4,"column":23},"end":{"line":21,"column":1}},"2":{"start":{"line":8,"column":14},"end":{"line":8,"column":23}},"3":{"start":{"line":10,"column":2},"end":{"line":18,"column":3}},"4":{"start":{"line":11,"column":16},"end":{"line":11,"column":27}},"5":{"start":{"line":12,"column":18},"end":{"line":12,"column":30}},"6":{"start":{"line":13,"column":4},"end":{"line":17,"column":5}},"7":{"start":{"line":14,"column":6},"end":{"line":14,"column":23}},"8":{"start":{"line":16,"column":6},"end":{"line":16,"column":27}},"9":{"start":{"line":20,"column":2},"end":{"line":20,"column":13}},"10":{"start":{"line":4,"column":13},"end":{"line":4,"column":23}},"11":{"start":{"line":23,"column":32},"end":{"line":29,"column":1}},"12":{"start":{"line":24,"column":2},"end":{"line":28,"column":4}},"13":{"start":{"line":23,"column":13},"end":{"line":23,"column":32}},"14":{"start":{"line":38,"column":29},"end":{"line":56,"column":1}},"15":{"start":{"line":42,"column":24},"end":{"line":44,"column":29}},"16":{"start":{"line":43,"column":16},"end":{"line":43,"column":27}},"17":{"start":{"line":46,"column":18},"end":{"line":46,"column":31}},"18":{"start":{"line":47,"column":23},"end":{"line":47,"column":65}},"19":{"start":{"line":48,"column":22},"end":{"line":48,"column":78}},"20":{"start":{"line":51,"column":2},"end":{"line":53,"column":3}},"21":{"start":{"line":52,"column":4},"end":{"line":52,"column":32}},"22":{"start":{"line":55,"column":2},"end":{"line":55,"column":28}},"23":{"start":{"line":38,"column":13},"end":{"line":38,"column":29}}},"fnMap":{"0":{"name":"(anonymous_0)","decl":{"start":{"line":4,"column":23},"end":{"line":4,"column":null}},"loc":{"start":{"line":7,"column":17},"end":{"line":21,"column":1}}},"1":{"name":"(anonymous_1)","decl":{"start":{"line":23,"column":32},"end":{"line":23,"column":33}},"loc":{"start":{"line":23,"column":66},"end":{"line":29,"column":1}}},"2":{"name":"(anonymous_2)","decl":{"start":{"line":38,"column":29},"end":{"line":38,"column":null}},"loc":{"start":{"line":41,"column":14},"end":{"line":56,"column":1}}},"3":{"name":"(anonymous_3)","decl":{"start":{"line":43,"column":9},"end":{"line":43,"column":10}},"loc":{"start":{"line":43,"column":16},"end":{"line":43,"column":27}}}},"branchMap":{"0":{"loc":{"start":{"line":13,"column":4},"end":{"line":17,"column":5}},"type":"if","locations":[{"start":{"line":13,"column":4},"end":{"line":17,"column":5}},{"start":{"line":15,"column":11},"end":{"line":17,"column":5}}]},"1":{"loc":{"start":{"line":25,"column":4},"end":{"line":27,"column":33}},"type":"binary-expr","locations":[{"start":{"line":25,"column":4},"end":{"line":25,"column":28}},{"start":{"line":26,"column":4},"end":{"line":26,"column":22}},{"start":{"line":27,"column":4},"end":{"line":27,"column":33}}]},"2":{"loc":{"start":{"line":47,"column":23},"end":{"line":47,"column":65}},"type":"cond-expr","locations":[{"start":{"line":47,"column":51},"end":{"line":47,"column":60}},{"start":{"line":47,"column":63},"end":{"line":47,"column":65}}]},"3":{"loc":{"start":{"line":51,"column":2},"end":{"line":53,"column":3}},"type":"if","locations":[{"start":{"line":51,"column":2},"end":{"line":53,"column":3}}]}},"s":{"0":1,"1":1,"2":0,"3":0,"4":0,"5":0,"6":0,"7":0,"8":0,"9":0,"10":1,"11":1,"12":5,"13":1,"14":1,"15":2,"16":3,"17":2,"18":2,"19":2,"20":2,"21":1,"22":1,"23":1},"f":{"0":0,"1":5,"2":2,"3":3},"b":{"0":[0,0],"1":[5,4,4],"2":[1,1],"3":[1]}}
,"/Users/tom/Desktop/fullstack-test - oct25/backend/src/utils/units.ts": {"path":"/Users/tom/Desktop/fullstack-test - oct25/backend/src/utils/units.ts","statementMap":{"0":{"start":{"line":1,"column":13},"end":{"line":1,"column":39}},"1":{"start":{"line":3,"column":32},"end":{"line":4,"column":39}},"2":{"start":{"line":4,"column":2},"end":{"line":4,"column":39}},"3":{"start":{"line":3,"column":13},"end":{"line":3,"column":32}}},"fnMap":{"0":{"name":"(anonymous_0)","decl":{"start":{"line":3,"column":32},"end":{"line":3,"column":33}},"loc":{"start":{"line":4,"column":2},"end":{"line":4,"column":39}}}},"branchMap":{},"s":{"0":1,"1":1,"2":8,"3":1},"f":{"0":8},"b":{}}
}
