TN:
SF:src/lib/results/assessment-result-helpers.ts
FN:8,getCodesFromElrs
FN:10,(anonymous_1)
FN:23,buildResults
FN:48,(anonymous_3)
FN:49,(anonymous_4)
FN:51,(anonymous_5)
FN:52,(anonymous_6)
FN:54,(anonymous_7)
FNF:8
FNH:6
FNDA:0,getCodesFromElrs
FNDA:0,(anonymous_1)
FNDA:3,buildResults
FNDA:9,(anonymous_3)
FNDA:3,(anonymous_4)
FNDA:3,(anonymous_5)
FNDA:1,(anonymous_6)
FNDA:3,(anonymous_7)
DA:3,1
DA:5,1
DA:6,1
DA:8,1
DA:9,0
DA:10,0
DA:11,0
DA:12,0
DA:13,0
DA:15,0
DA:17,0
DA:18,0
DA:20,0
DA:23,1
DA:32,3
DA:33,3
DA:35,3
DA:36,2
DA:37,2
DA:39,2
DA:40,2
DA:41,2
DA:44,2
DA:45,2
DA:47,2
DA:48,9
DA:49,4
DA:50,4
DA:51,3
DA:52,1
DA:53,4
DA:54,3
DA:56,4
DA:58,4
DA:75,3
LF:35
LH:26
BRDA:11,0,0,0
BRDA:17,1,0,0
BRDA:37,2,0,2
BRDA:37,2,1,0
BRDA:37,3,0,2
BRDA:37,3,1,2
BRDA:39,4,0,2
BRDA:44,5,0,2
BRDA:44,5,1,0
BRDA:44,6,0,2
BRDA:44,6,1,2
BRDA:49,7,0,3
BRDA:49,7,1,0
BRDA:49,8,0,3
BRDA:49,8,1,3
BRDA:52,9,0,1
BRDA:52,9,1,0
BRDA:52,10,0,1
BRDA:52,10,1,1
BRF:19
BRH:13
end_of_record
TN:
SF:src/lib/results/consts.ts
FNF:0
FNH:0
DA:1,1
LF:1
LH:1
BRF:0
BRH:0
end_of_record
TN:
SF:src/utils/category.ts
FN:1,(anonymous_0)
FN:7,(anonymous_1)
FNF:2
FNH:2
FNDA:1,(anonymous_0)
FNDA:4,(anonymous_1)
DA:1,1
DA:2,1
DA:3,1
DA:4,1
DA:7,1
DA:10,4
DA:11,2
DA:12,1
DA:13,1
DA:14,1
DA:15,0
LF:11
LH:10
BRDA:1,0,0,1
BRDA:1,0,1,1
BRDA:10,1,0,2
BRDA:11,2,0,1
BRDA:13,3,0,1
BRF:5
BRH:5
end_of_record
TN:
SF:src/utils/generic.ts
FN:4,(anonymous_0)
FN:23,(anonymous_1)
FN:38,(anonymous_2)
FN:43,(anonymous_3)
FNF:4
FNH:3
FNDA:0,(anonymous_0)
FNDA:5,(anonymous_1)
FNDA:2,(anonymous_2)
FNDA:3,(anonymous_3)
DA:2,1
DA:4,1
DA:8,0
DA:10,0
DA:11,0
DA:12,0
DA:13,0
DA:14,0
DA:16,0
DA:20,0
DA:23,1
DA:24,5
DA:38,1
DA:42,2
DA:43,3
DA:46,2
DA:47,2
DA:48,2
DA:51,2
DA:52,1
DA:55,1
LF:21
LH:13
BRDA:13,0,0,0
BRDA:13,0,1,0
BRDA:25,1,0,5
BRDA:25,1,1,4
BRDA:25,1,2,4
BRDA:47,2,0,1
BRDA:47,2,1,1
BRDA:51,3,0,1
BRF:8
BRH:6
end_of_record
TN:
SF:src/utils/units.ts
FN:3,(anonymous_0)
FNF:1
FNH:1
FNDA:8,(anonymous_0)
DA:1,1
DA:3,1
DA:4,8
LF:3
LH:3
BRF:0
BRH:0
end_of_record
